0001_0011_0037_0048_0048.jpg 1 11 37 48 48
0002_0007_0033_0053_0053.jpg 1 7 33 53 53
0003_0013_0025_0033_0033.jpg 1 13 25 33 33
0004_0043_0024_0030_0030.jpg 1 43 24 30 30
0005_0049_0050_0035_0035.jpg 1 49 50 35 35
0006_0022_0020_0055_0055.jpg 1 22 20 55 55
0007_0037_0016_0034_0034.jpg 1 37 16 34 34
0008_0009_0021_0050_0050.jpg 1 9 21 50 50
0009_0013_0023_0052_0052.jpg 1 13 23 52 52
0010_0062_0019_0025_0025.jpg 1 62 19 25 25
0011_0043_0043_0035_0035.jpg 1 43 43 35 35
0012_0034_0036_0024_0024.jpg 1 34 36 24 24
0013_0023_0012_0062_0062.jpg 1 23 12 62 62
0014_0065_0042_0025_0025.jpg 1 65 42 25 25
0015_0022_0029_0066_0066.jpg 1 22 29 66 66
0016_0026_0034_0058_0058.jpg 1 26 34 58 58
0017_0037_0030_0058_0058.jpg 1 37 30 58 58
0018_0011_0051_0038_0038.jpg 1 11 51 38 38
0019_0027_0027_0036_0036.jpg 1 27 27 36 36
0020_0012_0013_0047_0047.jpg 1 12 13 47 47
0021_0013_0014_0062_0062.jpg 1 13 14 62 62
0022_0029_0020_0034_0034.jpg 1 29 20 34 34
0023_0017_0013_0050_0050.jpg 1 17 13 50 50
0024_0055_0011_0030_0030.jpg 1 55 11 30 30
0025_0037_0011_0058_0058.jpg 1 37 11 58 58
0026_0018_0048_0031_0031.jpg 1 18 48 31 31
0027_0010_0024_0059_0059.jpg 1 10 24 59 59
0028_0026_0005_0053_0053.jpg 1 26 5 53 53
0029_0030_0006_0062_0062.jpg 1 30 6 62 62
0030_0015_0018_0043_0043.jpg 1 15 18 43 43
0031_0024_0014_0034_0034.jpg 1 24 14 34 34
0032_0018_0010_0047_0047.jpg 1 18 10 47 47
0033_0027_0020_0066_0066.jpg 1 27 20 66 66
0034_0008_0014_0036_0036.jpg 1 8 14 36 36
0035_0028_0037_0044_0044.jpg 1 28 37 44 44
0036_0036_0058_0030_0030.jpg 1 36 58 30 30
0037_0024_0003_0066_0066.jpg 1 24 3 66 66
0038_0029_0015_0058_0058.jpg 1 29 15 58 58
0039_0015_0021_0066_0066.jpg 1 15 21 66 66
0040_0016_0007_0049_0049.jpg 1 16 7 49 49
